#
# There is insufficient memory for the Java Runtime Environment to continue.
# Native memory allocation (mmap) failed to map 54525952 bytes for Failed to commit area from 0x0000000711400000 to 0x0000000714800000 of length 54525952.
# Possible reasons:
#   The system is out of physical RAM or swap space
#   The process is running with CompressedOops enabled, and the Java Heap may be blocking the growth of the native heap
# Possible solutions:
#   Reduce memory load on the system
#   Increase physical memory or swap space
#   Check if swap backing store is full
#   Decrease Java heap size (-Xmx/-Xms)
#   Decrease number of Java threads
#   Decrease Java thread stack sizes (-Xss)
#   Set larger code cache with -XX:ReservedCodeCacheSize=
#   JVM is running with Zero Based Compressed Oops mode in which the Java heap is
#     placed in the first 32GB address space. The Java Heap base address is the
#     maximum limit for the native heap growth. Please use -XX:HeapBaseMinAddress
#     to set the Java Heap base and to place the Java Heap above 32GB virtual address.
# This output file may be truncated or incomplete.
#
#  Out of Memory Error (./src/hotspot/os/windows/os_windows.cpp:3303), pid=23064, tid=11684
#
# JRE version: OpenJDK Runtime Environment (11.0.8+10) (build 11.0.8+10-b944.6842174)
# Java VM: OpenJDK 64-Bit Server VM (11.0.8+10-b944.6842174, mixed mode, tiered, compressed oops, g1 gc, windows-amd64)
# No core dump will be written. Minidumps are not enabled by default on client versions of Windows
#

---------------  S U M M A R Y ------------

Command Line: org.jetbrains.kotlin.cli.jvm.K2JVMCompiler @D:\MariWallet\wallet-solution-mobile-app\onboarding\build\20211111_1697692554950634012.compiler.options

Host: Intel(R) Core(TM) i5-5200U CPU @ 2.20GHz, 4 cores, 15G,  Windows 10 , 64 bit Build 19041 (10.0.19041.1202)
Time: Thu Nov 11 11:34:27 2021 E. Africa Standard Time elapsed time: 8 seconds (0d 0h 0m 8s)

---------------  T H R E A D  ---------------

Current thread (0x0000021ca1b11800):  VMThread "VM Thread" [stack: 0x000000e0faf00000,0x000000e0fb000000] [id=11684]

Stack: [0x000000e0faf00000,0x000000e0fb000000]
[error occurred during error reporting (printing stack bounds), id 0xc0000005, EXCEPTION_ACCESS_VIOLATION (0xc0000005) at pc=0x0000021c85e80dad]

Native frames: (J=compiled Java code, j=interpreted, Vv=VM code, C=native code)
V  [jvm.dll+0x5de50a]
V  [jvm.dll+0x7122f5]
V  [jvm.dll+0x71384d]
V  [jvm.dll+0x713e65]
V  [jvm.dll+0x713e1b]
V  [jvm.dll+0x5dd958]
V  [jvm.dll+0x5de0f8]
C  [ntdll.dll+0xa20cf]
C  [ntdll.dll+0x51454]
C  [ntdll.dll+0xa0bfe]
C  0x0000021c85e80dad

VM_Operation (0x000000e0fa9fc1a0): G1CollectForAllocation, mode: safepoint, requested by thread 0x0000021c824f9800


---------------  P R O C E S S  ---------------

Threads class SMR info:
_java_thread_list=0x0000021ca38fce40, length=11, elements={
0x0000021c824f9800, 0x0000021ca1b38000, 0x0000021ca1b45000, 0x0000021ca1b5b800,
0x0000021ca1b5d000, 0x0000021ca1b61000, 0x0000021ca1ba8000, 0x0000021ca1bb3800,
0x0000021ca1d0e800, 0x0000021ca1d1f800, 0x0000021ca3c06000
}

Java Threads: ( => current thread )
  0x0000021c824f9800 JavaThread "main" [_thread_blocked, id=20376, stack(0x000000e0fa900000,0x000000e0faa00000)]
  0x0000021ca1b38000 JavaThread "Reference Handler" daemon [_thread_blocked, id=18460, stack(0x000000e0fb000000,0x000000e0fb100000)]
  0x0000021ca1b45000 JavaThread "Finalizer" daemon [_thread_blocked, id=21012, stack(0x000000e0fb100000,0x000000e0fb200000)]
  0x0000021ca1b5b800 JavaThread "Signal Dispatcher" daemon [_thread_blocked, id=11460, stack(0x000000e0fb200000,0x000000e0fb300000)]
  0x0000021ca1b5d000 JavaThread "Attach Listener" daemon [_thread_blocked, id=8372, stack(0x000000e0fb300000,0x000000e0fb400000)]
  0x0000021ca1b61000 JavaThread "C2 CompilerThread0" daemon [_thread_blocked, id=20768, stack(0x000000e0fb400000,0x000000e0fb500000)]
  0x0000021ca1ba8000 JavaThread "C1 CompilerThread0" daemon [_thread_blocked, id=21528, stack(0x000000e0fb500000,0x000000e0fb600000)]
  0x0000021ca1bb3800 JavaThread "Sweeper thread" daemon [_thread_blocked, id=20800, stack(0x000000e0fb600000,0x000000e0fb700000)]
  0x0000021ca1d0e800 JavaThread "Service Thread" daemon [_thread_blocked, id=20568, stack(0x000000e0fb700000,0x000000e0fb800000)]
  0x0000021ca1d1f800 JavaThread "Common-Cleaner" daemon [_thread_blocked, id=6360, stack(0x000000e0fb900000,0x000000e0fba00000)]
  0x0000021ca3c06000 JavaThread "C2 CompilerThread1" daemon [_thread_blocked, id=1944, stack(0x000000e0fba00000,0x000000e0fbb00000)]

Other Threads:
=>0x0000021ca1b11800 VMThread "VM Thread" [stack: 0x000000e0faf00000,0x000000e0fb000000] [id=11684]
  0x0000021ca1d17800 WatcherThread [stack: 0x000000e0fb800000,0x000000e0fb900000] [id=15524]
  0x0000021c82512000 GCTaskThread "GC Thread#0" [stack: 0x000000e0faa00000,0x000000e0fab00000] [id=1452]
  0x0000021ca227b800 GCTaskThread "GC Thread#1" [stack: 0x000000e0fbb00000,0x000000e0fbc00000] [id=10376]
  0x0000021ca23ca000 GCTaskThread "GC Thread#2" [stack: 0x000000e0fbc00000,0x000000e0fbd00000] [id=5992]
  0x0000021ca217d000 GCTaskThread "GC Thread#3" [stack: 0x000000e0fbd00000,0x000000e0fbe00000] [id=4272]
  0x0000021c8256e800 ConcurrentGCThread "G1 Main Marker" [stack: 0x000000e0fab00000,0x000000e0fac00000] [id=2648]
  0x0000021c82570000 ConcurrentGCThread "G1 Conc#0" [stack: 0x000000e0fac00000,0x000000e0fad00000] [id=19332]
  0x0000021ca1175800 ConcurrentGCThread "G1 Refine#0" [stack: 0x000000e0fad00000,0x000000e0fae00000] [id=12360]
  0x0000021ca1176800 ConcurrentGCThread "G1 Young RemSet Sampling" [stack: 0x000000e0fae00000,0x000000e0faf00000] [id=22664]

Threads with active compile tasks:
C2 CompilerThread0   8153 4391       4       org.jetbrains.kotlin.com.intellij.lang.impl.PsiBuilderImpl::insertLeaves (88 bytes)
C1 CompilerThread0   8153 4453       2       org.jetbrains.kotlin.load.java.structure.impl.classFiles.ClassifierResolutionContext::mapInternalNameToClassId$resolution_common_jvm (109 bytes)
C2 CompilerThread1   8153 4354       4       jdk.internal.loader.BuiltinClassLoader::defineClass (121 bytes)

VM state:at safepoint (normal execution)

VM Mutex/Monitor currently owned by a thread:  ([mutex/lock_event])
[0x0000021c824f5d00] Threads_lock - owner thread: 0x0000021ca1b11800
[0x0000021c824f6de0] Heap_lock - owner thread: 0x0000021c824f9800

Heap address: 0x0000000701400000, size: 4076 MB, Compressed Oops mode: Zero based, Oop shift amount: 3
Narrow klass base: 0x0000000800000000, Narrow klass shift: 0
Compressed class space size: 1073741824 Address: 0x0000000800000000

Heap:
 garbage-first heap   total 315392K, used 39213K [0x0000000701400000, 0x0000000800000000)
  region size 1024K, 13 young (13312K), 13 survivors (13312K)
 Metaspace       used 48852K, capacity 49438K, committed 49744K, reserved 1093632K
  class space    used 5644K, capacity 5870K, committed 6012K, reserved 1048576K
Heap Regions: E=young(eden), S=young(survivor), O=old, HS=humongous(starts), HC=humongous(continues), CS=collection set, F=free, A=archive, TAMS=top-at-mark-start (previous, next)
|   0|0x0000000701400000, 0x0000000701500000, 0x0000000701500000|100%|HS|  |TAMS 0x0000000701500000, 0x0000000701500000| Complete 
|   1|0x0000000701500000, 0x0000000701600000, 0x0000000701600000|100%|HC|  |TAMS 0x0000000701600000, 0x0000000701600000| Complete 
|   2|0x0000000701600000, 0x0000000701700000, 0x0000000701700000|100%|HC|  |TAMS 0x0000000701700000, 0x0000000701700000| Complete 
|   3|0x0000000701700000, 0x0000000701800000, 0x0000000701800000|100%| O|  |TAMS 0x0000000701800000, 0x0000000701800000| Untracked 
|   4|0x0000000701800000, 0x0000000701900000, 0x0000000701900000|100%| O|  |TAMS 0x0000000701900000, 0x0000000701900000| Untracked 
|   5|0x0000000701900000, 0x0000000701a00000, 0x0000000701a00000|100%|HS|  |TAMS 0x0000000701a00000, 0x0000000701a00000| Complete 
|   6|0x0000000701a00000, 0x0000000701b00000, 0x0000000701b00000|100%|HC|  |TAMS 0x0000000701b00000, 0x0000000701b00000| Complete 
|   7|0x0000000701b00000, 0x0000000701c00000, 0x0000000701c00000|100%|HC|  |TAMS 0x0000000701c00000, 0x0000000701c00000| Complete 
|   8|0x0000000701c00000, 0x0000000701d00000, 0x0000000701d00000|100%|HS|  |TAMS 0x0000000701d00000, 0x0000000701d00000| Complete 
|   9|0x0000000701d00000, 0x0000000701e00000, 0x0000000701e00000|100%|HC|  |TAMS 0x0000000701e00000, 0x0000000701e00000| Complete 
|  10|0x0000000701e00000, 0x0000000701f00000, 0x0000000701f00000|100%|HC|  |TAMS 0x0000000701f00000, 0x0000000701f00000| Complete 
|  11|0x0000000701f00000, 0x0000000702000000, 0x0000000702000000|100%| O|  |TAMS 0x0000000702000000, 0x0000000702000000| Untracked 
|  12|0x0000000702000000, 0x0000000702100000, 0x0000000702100000|100%| O|  |TAMS 0x0000000702100000, 0x0000000702100000| Untracked 
|  13|0x0000000702100000, 0x0000000702200000, 0x0000000702200000|100%| O|  |TAMS 0x0000000702200000, 0x0000000702200000| Untracked 
|  14|0x0000000702200000, 0x0000000702300000, 0x0000000702300000|100%| O|  |TAMS 0x0000000702300000, 0x0000000702300000| Untracked 
|  15|0x0000000702300000, 0x0000000702400000, 0x0000000702400000|100%|HS|  |TAMS 0x0000000702300000, 0x0000000702400000| Complete 
|  16|0x0000000702400000, 0x0000000702500000, 0x0000000702500000|100%|HC|  |TAMS 0x0000000702400000, 0x0000000702500000| Complete 
|  17|0x0000000702500000, 0x0000000702600000, 0x0000000702600000|100%| O|  |TAMS 0x0000000702600000, 0x0000000702600000| Untracked 
|  18|0x0000000702600000, 0x0000000702700000, 0x0000000702700000|100%| O|  |TAMS 0x0000000702700000, 0x0000000702700000| Untracked 
|  19|0x0000000702700000, 0x0000000702800000, 0x0000000702800000|100%| O|  |TAMS 0x0000000702800000, 0x0000000702800000| Untracked 
|  20|0x0000000702800000, 0x0000000702900000, 0x0000000702900000|100%| O|  |TAMS 0x0000000702900000, 0x0000000702900000| Untracked 
|  21|0x0000000702900000, 0x0000000702a00000, 0x0000000702a00000|100%| O|  |TAMS 0x0000000702a00000, 0x0000000702a00000| Untracked 
|  22|0x0000000702a00000, 0x0000000702b00000, 0x0000000702b00000|100%| O|  |TAMS 0x0000000702b00000, 0x0000000702b00000| Untracked 
|  23|0x0000000702b00000, 0x0000000702c00000, 0x0000000702c00000|100%| O|  |TAMS 0x0000000702c00000, 0x0000000702c00000| Untracked 
|  24|0x0000000702c00000, 0x0000000702d00000, 0x0000000702d00000|100%| O|  |TAMS 0x0000000702c2e000, 0x0000000702d00000| Untracked 
|  25|0x0000000702d00000, 0x0000000702d00000, 0x0000000702e00000|  0%| F|  |TAMS 0x0000000702d00000, 0x0000000702d00000| Untracked 
|  26|0x0000000702e00000, 0x0000000702e4b600, 0x0000000702f00000| 29%| O|  |TAMS 0x0000000702e00000, 0x0000000702e4b600| Untracked 
|  27|0x0000000702f00000, 0x0000000702f00000, 0x0000000703000000|  0%| F|  |TAMS 0x0000000702f00000, 0x0000000702f00000| Untracked 
|  28|0x0000000703000000, 0x0000000703000000, 0x0000000703100000|  0%| F|  |TAMS 0x0000000703000000, 0x0000000703000000| Untracked 
|  29|0x0000000703100000, 0x0000000703100000, 0x0000000703200000|  0%| F|  |TAMS 0x0000000703100000, 0x0000000703100000| Untracked 
|  30|0x0000000703200000, 0x0000000703200000, 0x0000000703300000|  0%| F|  |TAMS 0x0000000703200000, 0x0000000703200000| Untracked 
|  31|0x0000000703300000, 0x0000000703300000, 0x0000000703400000|  0%| F|  |TAMS 0x0000000703300000, 0x0000000703300000| Untracked 
|  32|0x0000000703400000, 0x0000000703400000, 0x0000000703500000|  0%| F|  |TAMS 0x0000000703400000, 0x0000000703400000| Untracked 
|  33|0x0000000703500000, 0x0000000703500000, 0x0000000703600000|  0%| F|  |TAMS 0x0000000703500000, 0x0000000703500000| Untracked 
|  34|0x0000000703600000, 0x0000000703600000, 0x0000000703700000|  0%| F|  |TAMS 0x0000000703600000, 0x0000000703600000| Untracked 
|  35|0x0000000703700000, 0x0000000703700000, 0x0000000703800000|  0%| F|  |TAMS 0x0000000703700000, 0x0000000703700000| Untracked 
|  36|0x0000000703800000, 0x0000000703800000, 0x0000000703900000|  0%| F|  |TAMS 0x0000000703800000, 0x0000000703800000| Untracked 
|  37|0x0000000703900000, 0x0000000703900000, 0x0000000703a00000|  0%| F|  |TAMS 0x0000000703900000, 0x0000000703900000| Untracked 
|  38|0x0000000703a00000, 0x0000000703a00000, 0x0000000703b00000|  0%| F|  |TAMS 0x0000000703a00000, 0x0000000703a00000| Untracked 
|  39|0x0000000703b00000, 0x0000000703b00000, 0x0000000703c00000|  0%| F|  |TAMS 0x0000000703b00000, 0x0000000703b00000| Untracked 
|  40|0x0000000703c00000, 0x0000000703c00000, 0x0000000703d00000|  0%| F|  |TAMS 0x0000000703c00000, 0x0000000703c00000| Untracked 
|  41|0x0000000703d00000, 0x0000000703d00000, 0x0000000703e00000|  0%| F|  |TAMS 0x0000000703d00000, 0x0000000703d00000| Untracked 
|  42|0x0000000703e00000, 0x0000000703e00000, 0x0000000703f00000|  0%| F|  |TAMS 0x0000000703e00000, 0x0000000703e00000| Untracked 
|  43|0x0000000703f00000, 0x0000000703f00000, 0x0000000704000000|  0%| F|  |TAMS 0x0000000703f00000, 0x0000000703f00000| Untracked 
|  44|0x0000000704000000, 0x0000000704000000, 0x0000000704100000|  0%| F|  |TAMS 0x0000000704000000, 0x0000000704000000| Untracked 
|  45|0x0000000704100000, 0x0000000704100000, 0x0000000704200000|  0%| F|  |TAMS 0x0000000704100000, 0x0000000704100000| Untracked 
|  46|0x0000000704200000, 0x0000000704200000, 0x0000000704300000|  0%| F|  |TAMS 0x0000000704200000, 0x0000000704200000| Untracked 
|  47|0x0000000704300000, 0x0000000704300000, 0x0000000704400000|  0%| F|  |TAMS 0x0000000704300000, 0x0000000704300000| Untracked 
|  48|0x0000000704400000, 0x0000000704400000, 0x0000000704500000|  0%| F|  |TAMS 0x0000000704400000, 0x0000000704400000| Untracked 
|  49|0x0000000704500000, 0x0000000704500000, 0x0000000704600000|  0%| F|  |TAMS 0x0000000704500000, 0x0000000704500000| Untracked 
|  50|0x0000000704600000, 0x0000000704600000, 0x0000000704700000|  0%| F|  |TAMS 0x0000000704600000, 0x0000000704600000| Untracked 
|  51|0x0000000704700000, 0x0000000704700000, 0x0000000704800000|  0%| F|  |TAMS 0x0000000704700000, 0x0000000704700000| Untracked 
|  52|0x0000000704800000, 0x0000000704800000, 0x0000000704900000|  0%| F|  |TAMS 0x0000000704800000, 0x0000000704800000| Untracked 
|  53|0x0000000704900000, 0x0000000704900000, 0x0000000704a00000|  0%| F|  |TAMS 0x0000000704900000, 0x0000000704900000| Untracked 
|  54|0x0000000704a00000, 0x0000000704a00000, 0x0000000704b00000|  0%| F|  |TAMS 0x0000000704a00000, 0x0000000704a00000| Untracked 
|  55|0x0000000704b00000, 0x0000000704b00000, 0x0000000704c00000|  0%| F|  |TAMS 0x0000000704b00000, 0x0000000704b00000| Untracked 
|  56|0x0000000704c00000, 0x0000000704c00000, 0x0000000704d00000|  0%| F|  |TAMS 0x0000000704c00000, 0x0000000704c00000| Untracked 
|  57|0x0000000704d00000, 0x0000000704d00000, 0x0000000704e00000|  0%| F|  |TAMS 0x0000000704d00000, 0x0000000704d00000| Untracked 
|  58|0x0000000704e00000, 0x0000000704e00000, 0x0000000704f00000|  0%| F|  |TAMS 0x0000000704e00000, 0x0000000704e00000| Untracked 
|  59|0x0000000704f00000, 0x0000000704f00000, 0x0000000705000000|  0%| F|  |TAMS 0x0000000704f00000, 0x0000000704f00000| Untracked 
|  60|0x0000000705000000, 0x0000000705000000, 0x0000000705100000|  0%| F|  |TAMS 0x0000000705000000, 0x0000000705000000| Untracked 
|  61|0x0000000705100000, 0x0000000705100000, 0x0000000705200000|  0%| F|  |TAMS 0x0000000705100000, 0x0000000705100000| Untracked 
|  62|0x0000000705200000, 0x0000000705200000, 0x0000000705300000|  0%| F|  |TAMS 0x0000000705200000, 0x0000000705200000| Untracked 
|  63|0x0000000705300000, 0x0000000705300000, 0x0000000705400000|  0%| F|  |TAMS 0x0000000705300000, 0x0000000705300000| Untracked 
|  64|0x0000000705400000, 0x0000000705400000, 0x0000000705500000|  0%| F|  |TAMS 0x0000000705400000, 0x0000000705400000| Untracked 
|  65|0x0000000705500000, 0x0000000705500000, 0x0000000705600000|  0%| F|  |TAMS 0x0000000705500000, 0x0000000705500000| Untracked 
|  66|0x0000000705600000, 0x0000000705600000, 0x0000000705700000|  0%| F|  |TAMS 0x0000000705600000, 0x0000000705600000| Untracked 
|  67|0x0000000705700000, 0x0000000705700000, 0x0000000705800000|  0%| F|  |TAMS 0x0000000705700000, 0x0000000705700000| Untracked 
|  68|0x0000000705800000, 0x0000000705800000, 0x0000000705900000|  0%| F|  |TAMS 0x0000000705800000, 0x0000000705800000| Untracked 
|  69|0x0000000705900000, 0x0000000705900000, 0x0000000705a00000|  0%| F|  |TAMS 0x0000000705900000, 0x0000000705900000| Untracked 
|  70|0x0000000705a00000, 0x0000000705a00000, 0x0000000705b00000|  0%| F|  |TAMS 0x0000000705a00000, 0x0000000705a00000| Untracked 
|  71|0x0000000705b00000, 0x0000000705b00000, 0x0000000705c00000|  0%| F|  |TAMS 0x0000000705b00000, 0x0000000705b00000| Untracked 
|  72|0x0000000705c00000, 0x0000000705c00000, 0x0000000705d00000|  0%| F|  |TAMS 0x0000000705c00000, 0x0000000705c00000| Untracked 
|  73|0x0000000705d00000, 0x0000000705d00000, 0x0000000705e00000|  0%| F|  |TAMS 0x0000000705d00000, 0x0000000705d00000| Untracked 
|  74|0x0000000705e00000, 0x0000000705e00000, 0x0000000705f00000|  0%| F|  |TAMS 0x0000000705e00000, 0x0000000705e00000| Untracked 
|  75|0x0000000705f00000, 0x0000000705f00000, 0x0000000706000000|  0%| F|  |TAMS 0x0000000705f00000, 0x0000000705f00000| Untracked 
|  76|0x0000000706000000, 0x0000000706000000, 0x0000000706100000|  0%| F|  |TAMS 0x0000000706000000, 0x0000000706000000| Untracked 
|  77|0x0000000706100000, 0x0000000706100000, 0x0000000706200000|  0%| F|  |TAMS 0x0000000706100000, 0x0000000706100000| Untracked 
|  78|0x0000000706200000, 0x0000000706200000, 0x0000000706300000|  0%| F|  |TAMS 0x0000000706200000, 0x0000000706200000| Untracked 
|  79|0x0000000706300000, 0x0000000706300000, 0x0000000706400000|  0%| F|  |TAMS 0x0000000706300000, 0x0000000706300000| Untracked 
|  80|0x0000000706400000, 0x0000000706400000, 0x0000000706500000|  0%| F|  |TAMS 0x0000000706400000, 0x0000000706400000| Untracked 
|  81|0x0000000706500000, 0x0000000706500000, 0x0000000706600000|  0%| F|  |TAMS 0x0000000706500000, 0x0000000706500000| Untracked 
|  82|0x0000000706600000, 0x0000000706600000, 0x0000000706700000|  0%| F|  |TAMS 0x0000000706600000, 0x0000000706600000| Untracked 
|  83|0x0000000706700000, 0x0000000706700000, 0x0000000706800000|  0%| F|  |TAMS 0x0000000706700000, 0x0000000706700000| Untracked 
|  84|0x0000000706800000, 0x0000000706800000, 0x0000000706900000|  0%| F|  |TAMS 0x0000000706800000, 0x0000000706800000| Untracked 
|  85|0x0000000706900000, 0x0000000706900000, 0x0000000706a00000|  0%| F|  |TAMS 0x0000000706900000, 0x0000000706900000| Untracked 
|  86|0x0000000706a00000, 0x0000000706a00000, 0x0000000706b00000|  0%| F|  |TAMS 0x0000000706a00000, 0x0000000706a00000| Untracked 
|  87|0x0000000706b00000, 0x0000000706b00000, 0x0000000706c00000|  0%| F|  |TAMS 0x0000000706b00000, 0x0000000706b00000| Untracked 
|  88|0x0000000706c00000, 0x0000000706c00000, 0x0000000706d00000|  0%| F|  |TAMS 0x0000000706c00000, 0x0000000706c00000| Untracked 
|  89|0x0000000706d00000, 0x0000000706d00000, 0x0000000706e00000|  0%| F|  |TAMS 0x0000000706d00000, 0x0000000706d00000| Untracked 
|  90|0x0000000706e00000, 0x0000000706e00000, 0x0000000706f00000|  0%| F|  |TAMS 0x0000000706e00000, 0x0000000706e00000| Untracked 
|  91|0x0000000706f00000, 0x0000000706f00000, 0x0000000707000000|  0%| F|  |TAMS 0x0000000706f00000, 0x0000000706f00000| Untracked 
|  92|0x0000000707000000, 0x0000000707000000, 0x0000000707100000|  0%| F|  |TAMS 0x0000000707000000, 0x0000000707000000| Untracked 
|  93|0x0000000707100000, 0x0000000707100000, 0x0000000707200000|  0%| F|  |TAMS 0x0000000707100000, 0x0000000707100000| Untracked 
|  94|0x0000000707200000, 0x0000000707200000, 0x0000000707300000|  0%| F|  |TAMS 0x0000000707200000, 0x0000000707200000| Untracked 
|  95|0x0000000707300000, 0x0000000707300000, 0x0000000707400000|  0%| F|  |TAMS 0x0000000707300000, 0x0000000707300000| Untracked 
|  96|0x0000000707400000, 0x0000000707400000, 0x0000000707500000|  0%| F|  |TAMS 0x0000000707400000, 0x0000000707400000| Untracked 
|  97|0x0000000707500000, 0x0000000707500000, 0x0000000707600000|  0%| F|  |TAMS 0x0000000707500000, 0x0000000707500000| Untracked 
|  98|0x0000000707600000, 0x0000000707600000, 0x0000000707700000|  0%| F|  |TAMS 0x0000000707600000, 0x0000000707600000| Untracked 
|  99|0x0000000707700000, 0x0000000707700000, 0x0000000707800000|  0%| F|  |TAMS 0x0000000707700000, 0x0000000707700000| Untracked 
| 100|0x0000000707800000, 0x0000000707800000, 0x0000000707900000|  0%| F|  |TAMS 0x0000000707800000, 0x0000000707800000| Untracked 
| 101|0x0000000707900000, 0x0000000707900000, 0x0000000707a00000|  0%| F|  |TAMS 0x0000000707900000, 0x0000000707900000| Untracked 
| 102|0x0000000707a00000, 0x0000000707a00000, 0x0000000707b00000|  0%| F|  |TAMS 0x0000000707a00000, 0x0000000707a00000| Untracked 
| 103|0x0000000707b00000, 0x0000000707b00000, 0x0000000707c00000|  0%| F|  |TAMS 0x0000000707b00000, 0x0000000707b00000| Untracked 
| 104|0x0000000707c00000, 0x0000000707c00000, 0x0000000707d00000|  0%| F|  |TAMS 0x0000000707c00000, 0x0000000707c00000| Untracked 
| 105|0x0000000707d00000, 0x0000000707d00000, 0x0000000707e00000|  0%| F|  |TAMS 0x0000000707d00000, 0x0000000707d00000| Untracked 
| 106|0x0000000707e00000, 0x0000000707e00000, 0x0000000707f00000|  0%| F|  |TAMS 0x0000000707e00000, 0x0000000707e00000| Untracked 
| 107|0x0000000707f00000, 0x0000000707f00000, 0x0000000708000000|  0%| F|  |TAMS 0x0000000707f00000, 0x0000000707f00000| Untracked 
| 108|0x0000000708000000, 0x0000000708000000, 0x0000000708100000|  0%| F|  |TAMS 0x0000000708000000, 0x0000000708000000| Untracked 
| 109|0x0000000708100000, 0x0000000708100000, 0x0000000708200000|  0%| F|  |TAMS 0x0000000708100000, 0x0000000708100000| Untracked 
| 110|0x0000000708200000, 0x0000000708200000, 0x0000000708300000|  0%| F|  |TAMS 0x0000000708200000, 0x0000000708200000| Untracked 
| 111|0x0000000708300000, 0x0000000708300000, 0x0000000708400000|  0%| F|  |TAMS 0x0000000708300000, 0x0000000708300000| Untracked 
| 112|0x0000000708400000, 0x0000000708400000, 0x0000000708500000|  0%| F|  |TAMS 0x0000000708400000, 0x0000000708400000| Untracked 
| 113|0x0000000708500000, 0x0000000708500000, 0x0000000708600000|  0%| F|  |TAMS 0x0000000708500000, 0x0000000708500000| Untracked 
| 114|0x0000000708600000, 0x0000000708600000, 0x0000000708700000|  0%| F|  |TAMS 0x0000000708600000, 0x0000000708600000| Untracked 
| 115|0x0000000708700000, 0x0000000708700000, 0x0000000708800000|  0%| F|  |TAMS 0x0000000708700000, 0x0000000708700000| Untracked 
| 116|0x0000000708800000, 0x0000000708800000, 0x0000000708900000|  0%| F|  |TAMS 0x0000000708800000, 0x0000000708800000| Untracked 
| 117|0x0000000708900000, 0x0000000708900000, 0x0000000708a00000|  0%| F|  |TAMS 0x0000000708900000, 0x0000000708900000| Untracked 
| 118|0x0000000708a00000, 0x0000000708a00000, 0x0000000708b00000|  0%| F|  |TAMS 0x0000000708a00000, 0x0000000708a00000| Untracked 
| 119|0x0000000708b00000, 0x0000000708b00000, 0x0000000708c00000|  0%| F|  |TAMS 0x0000000708b00000, 0x0000000708b00000| Untracked 
| 120|0x0000000708c00000, 0x0000000708c00000, 0x0000000708d00000|  0%| F|  |TAMS 0x0000000708c00000, 0x0000000708c00000| Untracked 
| 121|0x0000000708d00000, 0x0000000708d00000, 0x0000000708e00000|  0%| F|  |TAMS 0x0000000708d00000, 0x0000000708d00000| Untracked 
| 122|0x0000000708e00000, 0x0000000708e00000, 0x0000000708f00000|  0%| F|  |TAMS 0x0000000708e00000, 0x0000000708e00000| Untracked 
| 123|0x0000000708f00000, 0x0000000708f00000, 0x0000000709000000|  0%| F|  |TAMS 0x0000000708f00000, 0x0000000708f00000| Untracked 
| 124|0x0000000709000000, 0x0000000709000000, 0x0000000709100000|  0%| F|  |TAMS 0x0000000709000000, 0x0000000709000000| Untracked 
| 125|0x0000000709100000, 0x0000000709100000, 0x0000000709200000|  0%| F|  |TAMS 0x0000000709100000, 0x0000000709100000| Untracked 
| 126|0x0000000709200000, 0x0000000709200000, 0x0000000709300000|  0%| F|  |TAMS 0x0000000709200000, 0x0000000709200000| Untracked 
| 127|0x0000000709300000, 0x0000000709300000, 0x0000000709400000|  0%| F|  |TAMS 0x0000000709300000, 0x0000000709300000| Untracked 
| 128|0x0000000709400000, 0x0000000709400000, 0x0000000709500000|  0%| F|  |TAMS 0x0000000709400000, 0x0000000709400000| Untracked 
| 129|0x0000000709500000, 0x0000000709500000, 0x0000000709600000|  0%| F|  |TAMS 0x0000000709500000, 0x0000000709500000| Untracked 
| 130|0x0000000709600000, 0x0000000709600000, 0x0000000709700000|  0%| F|  |TAMS 0x0000000709600000, 0x0000000709600000| Untracked 
| 131|0x0000000709700000, 0x0000000709700000, 0x0000000709800000|  0%| F|  |TAMS 0x0000000709700000, 0x0000000709700000| Untracked 
| 132|0x0000000709800000, 0x0000000709800000, 0x0000000709900000|  0%| F|  |TAMS 0x0000000709800000, 0x0000000709800000| Untracked 
| 133|0x0000000709900000, 0x0000000709900000, 0x0000000709a00000|  0%| F|  |TAMS 0x0000000709900000, 0x0000000709900000| Untracked 
| 134|0x0000000709a00000, 0x0000000709a00000, 0x0000000709b00000|  0%| F|  |TAMS 0x0000000709a00000, 0x0000000709a00000| Untracked 
| 135|0x0000000709b00000, 0x0000000709b00000, 0x0000000709c00000|  0%| F|  |TAMS 0x0000000709b00000, 0x0000000709b00000| Untracked 
| 136|0x0000000709c00000, 0x0000000709c00000, 0x0000000709d00000|  0%| F|  |TAMS 0x0000000709c00000, 0x0000000709c00000| Untracked 
| 137|0x0000000709d00000, 0x0000000709d00000, 0x0000000709e00000|  0%| F|  |TAMS 0x0000000709d00000, 0x0000000709d00000| Untracked 
| 138|0x0000000709e00000, 0x0000000709e00000, 0x0000000709f00000|  0%| F|  |TAMS 0x0000000709e00000, 0x0000000709e00000| Untracked 
| 139|0x0000000709f00000, 0x0000000709f00000, 0x000000070a000000|  0%| F|  |TAMS 0x0000000709f00000, 0x0000000709f00000| Untracked 
| 140|0x000000070a000000, 0x000000070a000000, 0x000000070a100000|  0%| F|  |TAMS 0x000000070a000000, 0x000000070a000000| Untracked 
| 141|0x000000070a100000, 0x000000070a100000, 0x000000070a200000|  0%| F|  |TAMS 0x000000070a100000, 0x000000070a100000| Untracked 
| 142|0x000000070a200000, 0x000000070a300000, 0x000000070a300000|100%| S|CS|TAMS 0x000000070a200000, 0x000000070a200000| Complete 
| 143|0x000000070a300000, 0x000000070a400000, 0x000000070a400000|100%| S|CS|TAMS 0x000000070a300000, 0x000000070a300000| Complete 
| 144|0x000000070a400000, 0x000000070a500000, 0x000000070a500000|100%| S|CS|TAMS 0x000000070a400000, 0x000000070a400000| Complete 
| 145|0x000000070a500000, 0x000000070a600000, 0x000000070a600000|100%| S|CS|TAMS 0x000000070a500000, 0x000000070a500000| Complete 
| 146|0x000000070a600000, 0x000000070a700000, 0x000000070a700000|100%| S|CS|TAMS 0x000000070a600000, 0x000000070a600000| Complete 
| 147|0x000000070a700000, 0x000000070a800000, 0x000000070a800000|100%| S|CS|TAMS 0x000000070a700000, 0x000000070a700000| Complete 
| 148|0x000000070a800000, 0x000000070a900000, 0x000000070a900000|100%| S|CS|TAMS 0x000000070a800000, 0x000000070a800000| Complete 
| 149|0x000000070a900000, 0x000000070aa00000, 0x000000070aa00000|100%| S|CS|TAMS 0x000000070a900000, 0x000000070a900000| Complete 
| 150|0x000000070aa00000, 0x000000070ab00000, 0x000000070ab00000|100%| S|CS|TAMS 0x000000070aa00000, 0x000000070aa00000| Complete 
| 151|0x000000070ab00000, 0x000000070ac00000, 0x000000070ac00000|100%| S|CS|TAMS 0x000000070ab00000, 0x000000070ab00000| Complete 
| 152|0x000000070ac00000, 0x000000070ad00000, 0x000000070ad00000|100%| S|CS|TAMS 0x000000070ac00000, 0x000000070ac00000| Complete 
| 153|0x000000070ad00000, 0x000000070ae00000, 0x000000070ae00000|100%| S|CS|TAMS 0x000000070ad00000, 0x000000070ad00000| Complete 
| 154|0x000000070ae00000, 0x000000070af00000, 0x000000070af00000|100%| S|CS|TAMS 0x000000070ae00000, 0x000000070ae00000| Complete 
| 155|0x000000070af00000, 0x000000070af00000, 0x000000070b000000|  0%| F|  |TAMS 0x000000070af00000, 0x000000070af00000| Untracked 
| 156|0x000000070b000000, 0x000000070b000000, 0x000000070b100000|  0%| F|  |TAMS 0x000000070b000000, 0x000000070b000000| Untracked 
| 157|0x000000070b100000, 0x000000070b100000, 0x000000070b200000|  0%| F|  |TAMS 0x000000070b100000, 0x000000070b100000| Untracked 
| 158|0x000000070b200000, 0x000000070b200000, 0x000000070b300000|  0%| F|  |TAMS 0x000000070b200000, 0x000000070b200000| Untracked 
| 159|0x000000070b300000, 0x000000070b300000, 0x000000070b400000|  0%| F|  |TAMS 0x000000070b300000, 0x000000070b300000| Untracked 
| 160|0x000000070b400000, 0x000000070b400000, 0x000000070b500000|  0%| F|  |TAMS 0x000000070b400000, 0x000000070b400000| Untracked 
| 161|0x000000070b500000, 0x000000070b500000, 0x000000070b600000|  0%| F|  |TAMS 0x000000070b500000, 0x000000070b500000| Untracked 
| 162|0x000000070b600000, 0x000000070b600000, 0x000000070b700000|  0%| F|  |TAMS 0x000000070b600000, 0x000000070b600000| Untracked 
| 163|0x000000070b700000, 0x000000070b700000, 0x000000070b800000|  0%| F|  |TAMS 0x000000070b700000, 0x000000070b700000| Untracked 
| 164|0x000000070b800000, 0x000000070b800000, 0x000000070b900000|  0%| F|  |TAMS 0x000000070b800000, 0x000000070b800000| Untracked 
| 165|0x000000070b900000, 0x000000070b900000, 0x000000070ba00000|  0%| F|  |TAMS 0x000000070b900000, 0x000000070b900000| Untracked 
| 166|0x000000070ba00000, 0x000000070ba00000, 0x000000070bb00000|  0%| F|  |TAMS 0x000000070ba00000, 0x000000070ba00000| Untracked 
| 167|0x000000070bb00000, 0x000000070bb00000, 0x000000070bc00000|  0%| F|  |TAMS 0x000000070bb00000, 0x000000070bb00000| Untracked 
| 168|0x000000070bc00000, 0x000000070bc00000, 0x000000070bd00000|  0%| F|  |TAMS 0x000000070bc00000, 0x000000070bc00000| Untracked 
| 169|0x000000070bd00000, 0x000000070bd00000, 0x000000070be00000|  0%| F|  |TAMS 0x000000070bd00000, 0x000000070bd00000| Untracked 
| 170|0x000000070be00000, 0x000000070be00000, 0x000000070bf00000|  0%| F|  |TAMS 0x000000070be00000, 0x000000070be00000| Untracked 
| 171|0x000000070bf00000, 0x000000070bf00000, 0x000000070c000000|  0%| F|  |TAMS 0x000000070bf00000, 0x000000070bf00000| Untracked 
| 172|0x000000070c000000, 0x000000070c000000, 0x000000070c100000|  0%| F|  |TAMS 0x000000070c000000, 0x000000070c000000| Untracked 
| 173|0x000000070c100000, 0x000000070c100000, 0x000000070c200000|  0%| F|  |TAMS 0x000000070c100000, 0x000000070c100000| Untracked 
| 174|0x000000070c200000, 0x000000070c200000, 0x000000070c300000|  0%| F|  |TAMS 0x000000070c200000, 0x000000070c200000| Untracked 
| 175|0x000000070c300000, 0x000000070c300000, 0x000000070c400000|  0%| F|  |TAMS 0x000000070c300000, 0x000000070c300000| Untracked 
| 176|0x000000070c400000, 0x000000070c400000, 0x000000070c500000|  0%| F|  |TAMS 0x000000070c400000, 0x000000070c400000| Untracked 
| 177|0x000000070c500000, 0x000000070c500000, 0x000000070c600000|  0%| F|  |TAMS 0x000000070c500000, 0x000000070c500000| Untracked 
| 178|0x000000070c600000, 0x000000070c600000, 0x000000070c700000|  0%| F|  |TAMS 0x000000070c600000, 0x000000070c600000| Untracked 
| 179|0x000000070c700000, 0x000000070c700000, 0x000000070c800000|  0%| F|  |TAMS 0x000000070c700000, 0x000000070c700000| Untracked 
| 180|0x000000070c800000, 0x000000070c800000, 0x000000070c900000|  0%| F|  |TAMS 0x000000070c800000, 0x000000070c800000| Untracked 
| 181|0x000000070c900000, 0x000000070c900000, 0x000000070ca00000|  0%| F|  |TAMS 0x000000070c900000, 0x000000070c900000| Untracked 
| 182|0x000000070ca00000, 0x000000070ca00000, 0x000000070cb00000|  0%| F|  |TAMS 0x000000070ca00000, 0x000000070ca00000| Untracked 
| 183|0x000000070cb00000, 0x000000070cb00000, 0x000000070cc00000|  0%| F|  |TAMS 0x000000070cb00000, 0x000000070cb00000| Untracked 
| 184|0x000000070cc00000, 0x000000070cc00000, 0x000000070cd00000|  0%| F|  |TAMS 0x000000070cc00000, 0x000000070cc00000| Untracked 
| 185|0x000000070cd00000, 0x000000070cd00000, 0x000000070ce00000|  0%| F|  |TAMS 0x000000070cd00000, 0x000000070cd00000| Untracked 
| 186|0x000000070ce00000, 0x000000070ce00000, 0x000000070cf00000|  0%| F|  |TAMS 0x000000070ce00000, 0x000000070ce00000| Untracked 
| 187|0x000000070cf00000, 0x000000070cf00000, 0x000000070d000000|  0%| F|  |TAMS 0x000000070cf00000, 0x000000070cf00000| Untracked 
| 188|0x000000070d000000, 0x000000070d000000, 0x000000070d100000|  0%| F|  |TAMS 0x000000070d000000, 0x000000070d000000| Untracked 
| 189|0x000000070d100000, 0x000000070d100000, 0x000000070d200000|  0%| F|  |TAMS 0x000000070d100000, 0x000000070d100000| Untracked 
| 190|0x000000070d200000, 0x000000070d200000, 0x000000070d300000|  0%| F|  |TAMS 0x000000070d200000, 0x000000070d200000| Untracked 
| 191|0x000000070d300000, 0x000000070d300000, 0x000000070d400000|  0%| F|  |TAMS 0x000000070d300000, 0x000000070d300000| Untracked 
| 192|0x000000070d400000, 0x000000070d400000, 0x000000070d500000|  0%| F|  |TAMS 0x000000070d400000, 0x000000070d400000| Untracked 
| 193|0x000000070d500000, 0x000000070d500000, 0x000000070d600000|  0%| F|  |TAMS 0x000000070d500000, 0x000000070d500000| Untracked 
| 194|0x000000070d600000, 0x000000070d600000, 0x000000070d700000|  0%| F|  |TAMS 0x000000070d600000, 0x000000070d600000| Untracked 
| 195|0x000000070d700000, 0x000000070d700000, 0x000000070d800000|  0%| F|  |TAMS 0x000000070d700000, 0x000000070d700000| Untracked 
| 196|0x000000070d800000, 0x000000070d800000, 0x000000070d900000|  0%| F|  |TAMS 0x000000070d800000, 0x000000070d800000| Untracked 
| 197|0x000000070d900000, 0x000000070d900000, 0x000000070da00000|  0%| F|  |TAMS 0x000000070d900000, 0x000000070d900000| Untracked 
| 198|0x000000070da00000, 0x000000070da00000, 0x000000070db00000|  0%| F|  |TAMS 0x000000070da00000, 0x000000070da00000| Untracked 
| 199|0x000000070db00000, 0x000000070db00000, 0x000000070dc00000|  0%| F|  |TAMS 0x000000070db00000, 0x000000070db00000| Untracked 
| 200|0x000000070dc00000, 0x000000070dc00000, 0x000000070dd00000|  0%| F|  |TAMS 0x000000070dc00000, 0x000000070dc00000| Untracked 
| 201|0x000000070dd00000, 0x000000070dd00000, 0x000000070de00000|  0%| F|  |TAMS 0x000000070dd00000, 0x000000070dd00000| Untracked 
| 202|0x000000070de00000, 0x000000070de00000, 0x000000070df00000|  0%| F|  |TAMS 0x000000070de00000, 0x000000070de00000| Untracked 
| 203|0x000000070df00000, 0x000000070df00000, 0x000000070e000000|  0%| F|  |TAMS 0x000000070df00000, 0x000000070df00000| Untracked 
| 204|0x000000070e000000, 0x000000070e000000, 0x000000070e100000|  0%| F|  |TAMS 0x000000070e000000, 0x000000070e000000| Untracked 
| 205|0x000000070e100000, 0x000000070e100000, 0x000000070e200000|  0%| F|  |TAMS 0x000000070e100000, 0x000000070e100000| Untracked 
| 206|0x000000070e200000, 0x000000070e200000, 0x000000070e300000|  0%| F|  |TAMS 0x000000070e200000, 0x000000070e200000| Untracked 
| 207|0x000000070e300000, 0x000000070e300000, 0x000000070e400000|  0%| F|  |TAMS 0x000000070e300000, 0x000000070e300000| Untracked 
| 208|0x000000070e400000, 0x000000070e400000, 0x000000070e500000|  0%| F|  |TAMS 0x000000070e400000, 0x000000070e400000| Untracked 
| 209|0x000000070e500000, 0x000000070e500000, 0x000000070e600000|  0%| F|  |TAMS 0x000000070e500000, 0x000000070e500000| Untracked 
| 210|0x000000070e600000, 0x000000070e600000, 0x000000070e700000|  0%| F|  |TAMS 0x000000070e600000, 0x000000070e600000| Untracked 
| 211|0x000000070e700000, 0x000000070e700000, 0x000000070e800000|  0%| F|  |TAMS 0x000000070e700000, 0x000000070e700000| Untracked 
| 212|0x000000070e800000, 0x000000070e800000, 0x000000070e900000|  0%| F|  |TAMS 0x000000070e800000, 0x000000070e800000| Untracked 
| 213|0x000000070e900000, 0x000000070e900000, 0x000000070ea00000|  0%| F|  |TAMS 0x000000070e900000, 0x000000070e900000| Untracked 
| 214|0x000000070ea00000, 0x000000070ea00000, 0x000000070eb00000|  0%| F|  |TAMS 0x000000070ea00000, 0x000000070ea00000| Untracked 
| 215|0x000000070eb00000, 0x000000070eb00000, 0x000000070ec00000|  0%| F|  |TAMS 0x000000070eb00000, 0x000000070eb00000| Untracked 
| 216|0x000000070ec00000, 0x000000070ec00000, 0x000000070ed00000|  0%| F|  |TAMS 0x000000070ec00000, 0x000000070ec00000| Untracked 
| 217|0x000000070ed00000, 0x000000070ed00000, 0x000000070ee00000|  0%| F|  |TAMS 0x000000070ed00000, 0x000000070ed00000| Untracked 
| 218|0x000000070ee00000, 0x000000070ee00000, 0x000000070ef00000|  0%| F|  |TAMS 0x000000070ee00000, 0x000000070ee00000| Untracked 
| 219|0x000000070ef00000, 0x000000070ef00000, 0x000000070f000000|  0%| F|  |TAMS 0x000000070ef00000, 0x000000070ef00000| Untracked 
| 220|0x000000070f000000, 0x000000070f000000, 0x000000070f100000|  0%| F|  |TAMS 0x000000070f000000, 0x000000070f000000| Untracked 
| 221|0x000000070f100000, 0x000000070f100000, 0x000000070f200000|  0%| F|  |TAMS 0x000000070f100000, 0x000000070f100000| Untracked 
| 222|0x000000070f200000, 0x000000070f200000, 0x000000070f300000|  0%| F|  |TAMS 0x000000070f200000, 0x000000070f200000| Untracked 
| 223|0x000000070f300000, 0x000000070f300000, 0x000000070f400000|  0%| F|  |TAMS 0x000000070f300000, 0x000000070f300000| Untracked 
| 224|0x000000070f400000, 0x000000070f400000, 0x000000070f500000|  0%| F|  |TAMS 0x000000070f400000, 0x000000070f400000| Untracked 
| 225|0x000000070f500000, 0x000000070f500000, 0x000000070f600000|  0%| F|  |TAMS 0x000000070f500000, 0x000000070f500000| Untracked 
| 226|0x000000070f600000, 0x000000070f600000, 0x000000070f700000|  0%| F|  |TAMS 0x000000070f600000, 0x000000070f600000| Untracked 
| 227|0x000000070f700000, 0x000000070f700000, 0x000000070f800000|  0%| F|  |TAMS 0x000000070f700000, 0x000000070f700000| Untracked 
| 228|0x000000070f800000, 0x000000070f800000, 0x000000070f900000|  0%| F|  |TAMS 0x000000070f800000, 0x000000070f800000| Untracked 
| 229|0x000000070f900000, 0x000000070f900000, 0x000000070fa00000|  0%| F|  |TAMS 0x000000070f900000, 0x000000070f900000| Untracked 
| 230|0x000000070fa00000, 0x000000070fa00000, 0x000000070fb00000|  0%| F|  |TAMS 0x000000070fa00000, 0x000000070fa00000| Untracked 
| 231|0x000000070fb00000, 0x000000070fb00000, 0x000000070fc00000|  0%| F|  |TAMS 0x000000070fb00000, 0x000000070fb00000| Untracked 
| 232|0x000000070fc00000, 0x000000070fc00000, 0x000000070fd00000|  0%| F|  |TAMS 0x000000070fc00000, 0x000000070fc00000| Untracked 
| 233|0x000000070fd00000, 0x000000070fd00000, 0x000000070fe00000|  0%| F|  |TAMS 0x000000070fd00000, 0x000000070fd00000| Untracked 
| 234|0x000000070fe00000, 0x000000070fe00000, 0x000000070ff00000|  0%| F|  |TAMS 0x000000070fe00000, 0x000000070fe00000| Untracked 
| 235|0x000000070ff00000, 0x000000070ff00000, 0x0000000710000000|  0%| F|  |TAMS 0x000000070ff00000, 0x000000070ff00000| Untracked 
| 236|0x0000000710000000, 0x0000000710000000, 0x0000000710100000|  0%| F|  |TAMS 0x0000000710000000, 0x0000000710000000| Untracked 
| 237|0x0000000710100000, 0x0000000710100000, 0x0000000710200000|  0%| F|  |TAMS 0x0000000710100000, 0x0000000710100000| Untracked 
| 238|0x0000000710200000, 0x0000000710200000, 0x0000000710300000|  0%| F|  |TAMS 0x0000000710200000, 0x0000000710200000| Untracked 
| 239|0x0000000710300000, 0x0000000710300000, 0x0000000710400000|  0%| F|  |TAMS 0x0000000710300000, 0x0000000710300000| Untracked 
| 240|0x0000000710400000, 0x0000000710400000, 0x0000000710500000|  0%| F|  |TAMS 0x0000000710400000, 0x0000000710400000| Untracked 
| 241|0x0000000710500000, 0x0000000710500000, 0x0000000710600000|  0%| F|  |TAMS 0x0000000710500000, 0x0000000710500000| Untracked 
| 242|0x0000000710600000, 0x0000000710600000, 0x0000000710700000|  0%| F|  |TAMS 0x0000000710600000, 0x0000000710600000| Untracked 
| 243|0x0000000710700000, 0x0000000710700000, 0x0000000710800000|  0%| F|  |TAMS 0x0000000710700000, 0x0000000710700000| Untracked 
| 244|0x0000000710800000, 0x0000000710800000, 0x0000000710900000|  0%| F|  |TAMS 0x0000000710800000, 0x0000000710800000| Untracked 
| 245|0x0000000710900000, 0x0000000710900000, 0x0000000710a00000|  0%| F|  |TAMS 0x0000000710900000, 0x0000000710900000| Untracked 
| 246|0x0000000710a00000, 0x0000000710a00000, 0x0000000710b00000|  0%| F|  |TAMS 0x0000000710a00000, 0x0000000710a00000| Untracked 
| 247|0x0000000710b00000, 0x0000000710b00000, 0x0000000710c00000|  0%| F|  |TAMS 0x0000000710b00000, 0x0000000710b00000| Untracked 
| 248|0x0000000710c00000, 0x0000000710c00000, 0x0000000710d00000|  0%| F|  |TAMS 0x0000000710c00000, 0x0000000710c00000| Untracked 
| 249|0x0000000710d00000, 0x0000000710d00000, 0x0000000710e00000|  0%| F|  |TAMS 0x0000000710d00000, 0x0000000710d00000| Untracked 
| 250|0x0000000710e00000, 0x0000000710e00000, 0x0000000710f00000|  0%| F|  |TAMS 0x0000000710e00000, 0x0000000710e00000| Untracked 
| 251|0x0000000710f00000, 0x0000000710f00000, 0x0000000711000000|  0%| F|  |TAMS 0x0000000710f00000, 0x0000000710f00000| Untracked 
| 252|0x0000000711000000, 0x0000000711000000, 0x0000000711100000|  0%| F|  |TAMS 0x0000000711000000, 0x0000000711000000| Untracked 
| 253|0x0000000711100000, 0x0000000711100000, 0x0000000711200000|  0%| F|  |TAMS 0x0000000711100000, 0x0000000711100000| Untracked 
| 254|0x0000000711200000, 0x0000000711200000, 0x0000000711300000|  0%| F|  |TAMS 0x0000000711200000, 0x0000000711200000| Untracked 
| 255|0x0000000711300000, 0x0000000711300000, 0x0000000711400000|  0%| F|  |TAMS 0x0000000711300000, 0x0000000711300000| Untracked 

Card table byte_map: [0x0000021c95ca0000,0x0000021c964a0000] _byte_map_base: 0x0000021c92496000

Marking Bits (Prev, Next): (CMBitMap*) 0x0000021c8255d978, (CMBitMap*) 0x0000021c8255d9b0
 Prev Bits: [0x0000021c96ca0000, 0x0000021c9ac50000)
 Next Bits: [0x0000021c9ac50000, 0x0000021c9ec00000)

Polling page: 0x0000021c80c80000

Metaspace:

Usage:
  Non-class:     42.55 MB capacity,    42.20 MB (>99%) used,   287.78 KB ( <1%) free+waste,    71.94 KB ( <1%) overhead. 
      Class:      5.73 MB capacity,     5.51 MB ( 96%) used,   193.61 KB (  3%) free+waste,    31.94 KB ( <1%) overhead. 
       Both:     48.28 MB capacity,    47.71 MB ( 99%) used,   481.39 KB ( <1%) free+waste,   103.88 KB ( <1%) overhead. 

Virtual space:
  Non-class space:       44.00 MB reserved,      42.71 MB ( 97%) committed 
      Class space:        1.00 GB reserved,       5.87 MB ( <1%) committed 
             Both:        1.04 GB reserved,      48.58 MB (  5%) committed 

Chunk freelists:
   Non-Class:  36.00 KB
       Class:  18.00 KB
        Both:  54.00 KB

MaxMetaspaceSize: 17179869184.00 GB
CompressedClassSpaceSize: 1.00 GB

CodeHeap 'non-profiled nmethods': size=120064Kb used=1949Kb max_used=1949Kb free=118114Kb
 bounds [0x0000021c8d940000, 0x0000021c8dbb0000, 0x0000021c94e80000]
CodeHeap 'profiled nmethods': size=120000Kb used=9641Kb max_used=9641Kb free=110359Kb
 bounds [0x0000021c86410000, 0x0000021c86d80000, 0x0000021c8d940000]
CodeHeap 'non-nmethods': size=5696Kb used=1190Kb max_used=1237Kb free=4505Kb
 bounds [0x0000021c85e80000, 0x0000021c860f0000, 0x0000021c86410000]
 total_blobs=4942 nmethods=4408 adapters=444
 compilation: enabled
              stopped_count=0, restarted_count=0
 full_count=0

Compilation events (20 events):
Event: 8.037 Thread 0x0000021ca1ba8000 nmethod 4443 0x0000021c8db26f90 code [0x0000021c8db27140, 0x0000021c8db271f8]
Event: 8.038 Thread 0x0000021ca1ba8000 4444       2       org.jetbrains.kotlin.load.java.structure.impl.classFiles.BinaryJavaAnnotationVisitor::addArgument (16 bytes)
Event: 8.039 Thread 0x0000021ca1ba8000 nmethod 4444 0x0000021c86d77190 code [0x0000021c86d77340, 0x0000021c86d77468]
Event: 8.039 Thread 0x0000021ca1ba8000 4445       2       org.jetbrains.kotlin.descriptors.impl.DeclarationDescriptorNonRootImpl::getContainingDeclaration (13 bytes)
Event: 8.039 Thread 0x0000021ca1ba8000 nmethod 4445 0x0000021c86d77510 code [0x0000021c86d776c0, 0x0000021c86d777e8]
Event: 8.039 Thread 0x0000021ca1ba8000 4446       2       java.util.AbstractList$SubList::checkForComodification (23 bytes)
Event: 8.040 Thread 0x0000021ca1ba8000 nmethod 4446 0x0000021c86d77890 code [0x0000021c86d77a60, 0x0000021c86d77c48]
Event: 8.040 Thread 0x0000021ca1ba8000 4447       2       org.jetbrains.kotlin.util.collectionUtils.ScopeUtilsKt::concat (61 bytes)
Event: 8.041 Thread 0x0000021ca1ba8000 nmethod 4447 0x0000021c86d77d90 code [0x0000021c86d78000, 0x0000021c86d785f8]
Event: 8.041 Thread 0x0000021ca1ba8000 4449       2       org.jetbrains.kotlin.util.slicedMap.OpenAddressLinearProbingHashTableKt::put (82 bytes)
Event: 8.042 Thread 0x0000021ca1ba8000 nmethod 4449 0x0000021c86d78910 code [0x0000021c86d78b00, 0x0000021c86d79058]
Event: 8.042 Thread 0x0000021ca1ba8000 4448       2       org.jetbrains.kotlin.util.slicedMap.OpenAddressLinearProbingHashTableKt::access$put (8 bytes)
Event: 8.042 Thread 0x0000021ca1ba8000 nmethod 4448 0x0000021c86d79290 code [0x0000021c86d79440, 0x0000021c86d79528]
Event: 8.042 Thread 0x0000021ca1ba8000 4450       1       org.jetbrains.kotlin.load.java.lazy.descriptors.LazyJavaPackageScope::getOwnerDescriptor (5 bytes)
Event: 8.042 Thread 0x0000021ca1ba8000 nmethod 4450 0x0000021c8db27290 code [0x0000021c8db27440, 0x0000021c8db274f8]
Event: 8.067 Thread 0x0000021ca1ba8000 4451       2       kotlin.text.StringsKt__StringsKt::contains$default (15 bytes)
Event: 8.067 Thread 0x0000021ca1ba8000 nmethod 4451 0x0000021c86d79610 code [0x0000021c86d79800, 0x0000021c86d79b08]
Event: 8.068 Thread 0x0000021ca1ba8000 4452       2       kotlin.text.StringsKt__StringsKt::contains (25 bytes)
Event: 8.068 Thread 0x0000021ca1ba8000 nmethod 4452 0x0000021c86d79d10 code [0x0000021c86d79f00, 0x0000021c86d7a1e8]
Event: 8.068 Thread 0x0000021ca1ba8000 4453       2       org.jetbrains.kotlin.load.java.structure.impl.classFiles.ClassifierResolutionContext::mapInternalNameToClassId$resolution_common_jvm (109 bytes)

GC Heap History (9 events):
Event: 0.682 GC heap before
{Heap before GC invocations=0 (full 0):
 garbage-first heap   total 262144K, used 17408K [0x0000000701400000, 0x0000000800000000)
  region size 1024K, 14 young (14336K), 0 survivors (0K)
 Metaspace       used 9767K, capacity 9839K, committed 10112K, reserved 1058816K
  class space    used 824K, capacity 852K, committed 896K, reserved 1048576K
}
Event: 0.686 GC heap after
{Heap after GC invocations=1 (full 0):
 garbage-first heap   total 262144K, used 5160K [0x0000000701400000, 0x0000000800000000)
  region size 1024K, 2 young (2048K), 2 survivors (2048K)
 Metaspace       used 9767K, capacity 9839K, committed 10112K, reserved 1058816K
  class space    used 824K, capacity 852K, committed 896K, reserved 1048576K
}
Event: 2.021 GC heap before
{Heap before GC invocations=1 (full 0):
 garbage-first heap   total 262144K, used 55336K [0x0000000701400000, 0x0000000800000000)
  region size 1024K, 52 young (53248K), 2 survivors (2048K)
 Metaspace       used 20971K, capacity 21194K, committed 21248K, reserved 1069056K
  class space    used 2208K, capacity 2297K, committed 2304K, reserved 1048576K
}
Event: 2.036 GC heap after
{Heap after GC invocations=2 (full 0):
 garbage-first heap   total 262144K, used 9486K [0x0000000701400000, 0x0000000800000000)
  region size 1024K, 7 young (7168K), 7 survivors (7168K)
 Metaspace       used 20971K, capacity 21194K, committed 21248K, reserved 1069056K
  class space    used 2208K, capacity 2297K, committed 2304K, reserved 1048576K
}
Event: 4.526 GC heap before
{Heap before GC invocations=3 (full 0):
 garbage-first heap   total 262144K, used 76046K [0x0000000701400000, 0x0000000800000000)
  region size 1024K, 60 young (61440K), 7 survivors (7168K)
 Metaspace       used 31240K, capacity 31733K, committed 31996K, reserved 1077248K
  class space    used 3610K, capacity 3774K, committed 3836K, reserved 1048576K
}
Event: 4.570 GC heap after
{Heap after GC invocations=4 (full 0):
 garbage-first heap   total 262144K, used 25605K [0x0000000701400000, 0x0000000800000000)
  region size 1024K, 8 young (8192K), 8 survivors (8192K)
 Metaspace       used 31240K, capacity 31733K, committed 31996K, reserved 1077248K
  class space    used 3610K, capacity 3774K, committed 3836K, reserved 1048576K
}
Event: 5.298 GC heap before
{Heap before GC invocations=4 (full 0):
 garbage-first heap   total 262144K, used 47109K [0x0000000701400000, 0x0000000800000000)
  region size 1024K, 30 young (30720K), 8 survivors (8192K)
 Metaspace       used 35404K, capacity 35786K, committed 36048K, reserved 1081344K
  class space    used 4092K, capacity 4229K, committed 4348K, reserved 1048576K
}
Event: 5.325 GC heap after
{Heap after GC invocations=5 (full 0):
 garbage-first heap   total 262144K, used 25076K [0x0000000701400000, 0x0000000800000000)
  region size 1024K, 3 young (3072K), 3 survivors (3072K)
 Metaspace       used 35404K, capacity 35786K, committed 36048K, reserved 1081344K
  class space    used 4092K, capacity 4229K, committed 4348K, reserved 1048576K
}
Event: 8.068 GC heap before
{Heap before GC invocations=6 (full 0):
 garbage-first heap   total 262144K, used 128500K [0x0000000701400000, 0x0000000800000000)
  region size 1024K, 101 young (103424K), 3 survivors (3072K)
 Metaspace       used 48852K, capacity 49438K, committed 49744K, reserved 1093632K
  class space    used 5644K, capacity 5870K, committed 6012K, reserved 1048576K
}

Deoptimization events (20 events):
Event: 7.963 Thread 0x0000021c824f9800 Uncommon trap: trap_request=0xffffffde fr.pc=0x0000021c8dabedc8 relative=0x0000000000000088
Event: 7.963 Thread 0x0000021c824f9800 Uncommon trap: reason=class_check action=maybe_recompile pc=0x0000021c8dabedc8 method=org.jetbrains.kotlin.com.intellij.psi.impl.source.tree.CompositeElement.drillDown(Lorg/jetbrains/kotlin/com/intellij/psi/impl/source/tree/TreeElement;)Lorg/jetbrains/kot
Event: 7.963 Thread 0x0000021c824f9800 DEOPT PACKING pc=0x0000021c8dabedc8 sp=0x000000e0fa9fcbb0
Event: 7.963 Thread 0x0000021c824f9800 DEOPT UNPACKING pc=0x0000021c85ea772f sp=0x000000e0fa9fcb38 mode 2
Event: 7.963 Thread 0x0000021c824f9800 Uncommon trap: trap_request=0xffffffde fr.pc=0x0000021c8dabedc8 relative=0x0000000000000088
Event: 7.963 Thread 0x0000021c824f9800 Uncommon trap: reason=class_check action=maybe_recompile pc=0x0000021c8dabedc8 method=org.jetbrains.kotlin.com.intellij.psi.impl.source.tree.CompositeElement.drillDown(Lorg/jetbrains/kotlin/com/intellij/psi/impl/source/tree/TreeElement;)Lorg/jetbrains/kot
Event: 7.963 Thread 0x0000021c824f9800 DEOPT PACKING pc=0x0000021c8dabedc8 sp=0x000000e0fa9fcbb0
Event: 7.963 Thread 0x0000021c824f9800 DEOPT UNPACKING pc=0x0000021c85ea772f sp=0x000000e0fa9fcb38 mode 2
Event: 7.963 Thread 0x0000021c824f9800 Uncommon trap: trap_request=0xffffffde fr.pc=0x0000021c8dabedc8 relative=0x0000000000000088
Event: 7.963 Thread 0x0000021c824f9800 Uncommon trap: reason=class_check action=maybe_recompile pc=0x0000021c8dabedc8 method=org.jetbrains.kotlin.com.intellij.psi.impl.source.tree.CompositeElement.drillDown(Lorg/jetbrains/kotlin/com/intellij/psi/impl/source/tree/TreeElement;)Lorg/jetbrains/kot
Event: 7.963 Thread 0x0000021c824f9800 DEOPT PACKING pc=0x0000021c8dabedc8 sp=0x000000e0fa9fcbb0
Event: 7.963 Thread 0x0000021c824f9800 DEOPT UNPACKING pc=0x0000021c85ea772f sp=0x000000e0fa9fcb38 mode 2
Event: 7.963 Thread 0x0000021c824f9800 Uncommon trap: trap_request=0xffffffde fr.pc=0x0000021c8dabedc8 relative=0x0000000000000088
Event: 7.963 Thread 0x0000021c824f9800 Uncommon trap: reason=class_check action=maybe_recompile pc=0x0000021c8dabedc8 method=org.jetbrains.kotlin.com.intellij.psi.impl.source.tree.CompositeElement.drillDown(Lorg/jetbrains/kotlin/com/intellij/psi/impl/source/tree/TreeElement;)Lorg/jetbrains/kot
Event: 7.963 Thread 0x0000021c824f9800 DEOPT PACKING pc=0x0000021c8dabedc8 sp=0x000000e0fa9fcbb0
Event: 7.963 Thread 0x0000021c824f9800 DEOPT UNPACKING pc=0x0000021c85ea772f sp=0x000000e0fa9fcb38 mode 2
Event: 7.963 Thread 0x0000021c824f9800 Uncommon trap: trap_request=0xffffffde fr.pc=0x0000021c8dad2374 relative=0x0000000000000474
Event: 7.963 Thread 0x0000021c824f9800 Uncommon trap: reason=class_check action=maybe_recompile pc=0x0000021c8dad2374 method=org.jetbrains.kotlin.com.intellij.psi.impl.source.tree.TreeElement.rawRemoveUpToWithoutNotifications(Lorg/jetbrains/kotlin/com/intellij/psi/impl/source/tree/TreeElement;
Event: 7.963 Thread 0x0000021c824f9800 DEOPT PACKING pc=0x0000021c8dad2374 sp=0x000000e0fa9fc990
Event: 7.963 Thread 0x0000021c824f9800 DEOPT UNPACKING pc=0x0000021c85ea772f sp=0x000000e0fa9fc930 mode 2

Classes redefined (0 events):
No events

Internal exceptions (20 events):
Event: 1.918 Thread 0x0000021c824f9800 Exception <a 'java/lang/NoSuchMethodError'{0x000000070e6a7e08}: 'java.lang.Object java.lang.invoke.DirectMethodHandle$Holder.invokeStaticInit(java.lang.Object, int)'> (0x000000070e6a7e08) thrown at [./src/hotspot/share/interpreter/linkResolver.cpp, line 773]
Event: 1.947 Thread 0x0000021c824f9800 Exception <a 'java/lang/NoSuchMethodError'{0x000000070e435fe0}: 'long java.lang.invoke.DirectMethodHandle$Holder.invokeStatic(java.lang.Object)'> (0x000000070e435fe0) thrown at [./src/hotspot/share/interpreter/linkResolver.cpp, line 773]
Event: 1.948 Thread 0x0000021c824f9800 Exception <a 'java/lang/NoSuchMethodError'{0x000000070e438e38}: 'long java.lang.invoke.DirectMethodHandle$Holder.invokeStaticInit(java.lang.Object)'> (0x000000070e438e38) thrown at [./src/hotspot/share/interpreter/linkResolver.cpp, line 773]
Event: 2.012 Thread 0x0000021c824f9800 Exception <a 'java/lang/NoSuchMethodError'{0x000000070e1a7928}: 'int java.lang.invoke.DirectMethodHandle$Holder.invokeStaticInit(java.lang.Object, java.lang.Object, java.lang.Object)'> (0x000000070e1a7928) thrown at [./src/hotspot/share/interpreter/linkResolver.cpp, line 773]
Event: 2.017 Thread 0x0000021c824f9800 Exception <a 'java/lang/NoSuchMethodError'{0x000000070e1d3288}: 'int java.lang.invoke.DirectMethodHandle$Holder.invokeStaticInit(java.lang.Object, java.lang.Object)'> (0x000000070e1d3288) thrown at [./src/hotspot/share/interpreter/linkResolver.cpp, line 773]
Event: 2.323 Thread 0x0000021c824f9800 Exception <a 'java/lang/NoSuchMethodError'{0x0000000710a5d0f0}: 'java.lang.Object java.lang.invoke.DirectMethodHandle$Holder.invokeStatic(java.lang.Object, java.lang.Object, java.lang.Object, java.lang.Object, java.lang.Object, java.lang.Object, java.lang.Object, java.lang.Object, java.lang.Object, java.lang.Object, java.lang.Object, java.lang.Object, java.lang.Object, java.lang.Object, java.lang.Object)'> (0x0000000710a5d0f0) thrown at [./src/hotspot/share/interpreter/linkResolver.cpp, line 773]
Event: 2.327 Thread 0x0000021c824f9800 Exception <a 'java/lang/NoSuchMethodError'{0x0000000710a6b4c8}: 'java.lang.Object java.lang.invoke.DirectMethodHandle$Holder.invokeStatic(java.lang.Object, java.lang.Object, java.lang.Object, java.lang.Object, java.lang.Object, java.lang.Object, java.lang.Object, java.lang.Object, java.lang.Object, java.lang.Object, java.lang.Object, java.lang.Object, java.lang.Object, java.lang.Object, java.lang.Object, java.lang.Object)'> (0x0000000710a6b4c8) thrown at [./src/hotspot/share/interpreter/linkResolver.cpp, l
Event: 2.329 Thread 0x0000021c824f9800 Exception <a 'java/lang/NoSuchMethodError'{0x0000000710a793e0}: 'java.lang.Object java.lang.invoke.DirectMethodHandle$Holder.invokeSpecial(java.lang.Object, java.lang.Object, int, int, java.lang.Object, java.lang.Object, java.lang.Object)'> (0x0000000710a793e0) thrown at [./src/hotspot/share/interpreter/linkResolver.cpp, line 773]
Event: 2.329 Thread 0x0000021c824f9800 Exception <a 'java/lang/NoSuchMethodError'{0x0000000710a7cc18}: 'java.lang.Object java.lang.invoke.DelegatingMethodHandle$Holder.reinvoke_L(java.lang.Object, int, int, java.lang.Object, java.lang.Object, java.lang.Object)'> (0x0000000710a7cc18) thrown at [./src/hotspot/share/interpreter/linkResolver.cpp, line 773]
Event: 2.330 Thread 0x0000021c824f9800 Exception <a 'java/lang/NoSuchMethodError'{0x0000000710a81220}: 'java.lang.Object java.lang.invoke.DirectMethodHandle$Holder.invokeStatic(java.lang.Object, java.lang.Object, java.lang.Object, java.lang.Object, int)'> (0x0000000710a81220) thrown at [./src/hotspot/share/interpreter/linkResolver.cpp, line 773]
Event: 2.384 Thread 0x0000021c824f9800 Implicit null exception at 0x0000021c8d9d002c to 0x0000021c8d9d01da
Event: 2.423 Thread 0x0000021c824f9800 Exception <a 'java/lang/NoSuchMethodError'{0x00000007105e63b8}: 'void java.lang.invoke.DirectMethodHandle$Holder.invokeStatic(java.lang.Object, java.lang.Object, java.lang.Object, java.lang.Object)'> (0x00000007105e63b8) thrown at [./src/hotspot/share/interpreter/linkResolver.cpp, line 773]
Event: 2.448 Thread 0x0000021c824f9800 Exception <a 'java/lang/NoSuchMethodError'{0x0000000710336610}: 'void java.lang.invoke.DirectMethodHandle$Holder.invokeSpecial(java.lang.Object, java.lang.Object)'> (0x0000000710336610) thrown at [./src/hotspot/share/interpreter/linkResolver.cpp, line 773]
Event: 2.492 Thread 0x0000021c824f9800 Exception <a 'java/lang/NoSuchMethodError'{0x00000007101db5b8}: 'void java.lang.invoke.DirectMethodHandle$Holder.invokeStaticInit(java.lang.Object, java.lang.Object)'> (0x00000007101db5b8) thrown at [./src/hotspot/share/interpreter/linkResolver.cpp, line 773]
Event: 2.502 Thread 0x0000021c824f9800 Exception <a 'java/lang/NoSuchMethodError'{0x000000071001a638}: 'void java.lang.invoke.DirectMethodHandle$Holder.invokeInterface(java.lang.Object, java.lang.Object)'> (0x000000071001a638) thrown at [./src/hotspot/share/interpreter/linkResolver.cpp, line 773]
Event: 2.634 Thread 0x0000021c824f9800 Exception <a 'java/lang/NoSuchMethodError'{0x000000070fb8da78}: 'void java.lang.invoke.DirectMethodHandle$Holder.invokeVirtual(java.lang.Object, java.lang.Object)'> (0x000000070fb8da78) thrown at [./src/hotspot/share/interpreter/linkResolver.cpp, line 773]
Event: 2.647 Thread 0x0000021c824f9800 Exception <a 'java/lang/NoSuchMethodError'{0x000000070fa07b48}: 'int java.lang.invoke.DirectMethodHandle$Holder.invokeVirtual(java.lang.Object, java.lang.Object)'> (0x000000070fa07b48) thrown at [./src/hotspot/share/interpreter/linkResolver.cpp, line 773]
Event: 5.093 Thread 0x0000021c824f9800 Exception <a 'java/lang/NoSuchMethodError'{0x0000000710505a50}: 'java.lang.Object java.lang.invoke.DirectMethodHandle$Holder.invokeVirtual(java.lang.Object, java.lang.Object, java.lang.Object)'> (0x0000000710505a50) thrown at [./src/hotspot/share/interpreter/linkResolver.cpp, line 773]
Event: 6.042 Thread 0x0000021c824f9800 Exception <a 'java/lang/NoSuchMethodError'{0x000000070ef98b18}: 'java.lang.Object java.lang.invoke.Invokers$Holder.linkToTargetMethod(java.lang.Object, int, java.lang.Object)'> (0x000000070ef98b18) thrown at [./src/hotspot/share/interpreter/linkResolver.cpp, line 773]
Event: 6.747 Thread 0x0000021c824f9800 Implicit null exception at 0x0000021c8dab61c1 to 0x0000021c8dab7be0

Events (20 events):
Event: 7.993 loading class org/jetbrains/kotlin/com/intellij/openapi/util/Ref done
Event: 7.993 loading class java/util/ComparableTimSort
Event: 7.993 loading class java/util/ComparableTimSort done
Event: 7.993 loading class org/jetbrains/kotlin/com/intellij/util/containers/ConcurrentWeakKeyWeakValueHashMap$WeakValue
Event: 7.993 loading class org/jetbrains/kotlin/com/intellij/util/containers/ConcurrentWeakKeyWeakValueHashMap$WeakValue done
Event: 7.994 loading class org/jetbrains/kotlin/com/intellij/psi/PsiClassLevelDeclarationStatement
Event: 7.994 loading class org/jetbrains/kotlin/com/intellij/psi/PsiClassLevelDeclarationStatement done
Event: 7.995 loading class org/jetbrains/kotlin/com/google/common/collect/AbstractMapBasedMultimap$2
Event: 7.995 loading class org/jetbrains/kotlin/com/google/common/collect/AbstractMapBasedMultimap$2 done
Event: 7.995 loading class org/jetbrains/kotlin/com/google/common/collect/AbstractMapBasedMultimap$Itr
Event: 7.995 loading class org/jetbrains/kotlin/com/google/common/collect/AbstractMapBasedMultimap$Itr done
Event: 7.995 loading class org/jetbrains/kotlin/com/google/common/collect/Iterators$EmptyModifiableIterator
Event: 7.995 loading class org/jetbrains/kotlin/com/google/common/collect/Iterators$EmptyModifiableIterator done
Event: 7.996 loading class org/jetbrains/kotlin/com/google/common/collect/AbstractMapBasedMultimap$KeySet
Event: 7.996 loading class org/jetbrains/kotlin/com/google/common/collect/AbstractMapBasedMultimap$KeySet done
Event: 7.996 loading class org/jetbrains/kotlin/com/google/common/collect/Maps$KeySet
Event: 7.996 loading class org/jetbrains/kotlin/com/google/common/collect/Maps$KeySet done
Event: 7.997 loading class org/jetbrains/kotlin/com/google/common/collect/AbstractMapBasedMultimap$KeySet$1
Event: 7.997 loading class org/jetbrains/kotlin/com/google/common/collect/AbstractMapBasedMultimap$KeySet$1 done
Event: 8.068 Executing VM operation: G1CollectForAllocation


Dynamic libraries:
0x00007ff662c50000 - 0x00007ff662c5a000 	C:\Program Files\Android\Android Studio\jre\bin\java.exe
0x00007ffad9cd0000 - 0x00007ffad9ec5000 	C:\Windows\SYSTEM32\ntdll.dll
0x00007ffad86c0000 - 0x00007ffad877e000 	C:\Windows\System32\KERNEL32.DLL
0x00007ffad7420000 - 0x00007ffad76e9000 	C:\Windows\System32\KERNELBASE.dll
0x00007ffad7b20000 - 0x00007ffad7c20000 	C:\Windows\System32\ucrtbase.dll
0x00007ffad3080000 - 0x00007ffad3099000 	C:\Program Files\Android\Android Studio\jre\bin\jli.dll
0x00007ffac19e0000 - 0x00007ffac19f7000 	C:\Program Files\Android\Android Studio\jre\bin\VCRUNTIME140.dll
0x00007ffad8d10000 - 0x00007ffad8eb1000 	C:\Windows\System32\USER32.dll
0x00007ffad7cc0000 - 0x00007ffad7ce2000 	C:\Windows\System32\win32u.dll
0x00007ffac39f0000 - 0x00007ffac3c8a000 	C:\Windows\WinSxS\amd64_microsoft.windows.common-controls_6595b64144ccf1df_6.0.19041.1110_none_60b5254171f9507e\COMCTL32.dll
0x00007ffad8780000 - 0x00007ffad87ab000 	C:\Windows\System32\GDI32.dll
0x00007ffad7da0000 - 0x00007ffad7e3e000 	C:\Windows\System32\msvcrt.dll
0x00007ffad7780000 - 0x00007ffad788b000 	C:\Windows\System32\gdi32full.dll
0x00007ffad7c20000 - 0x00007ffad7cbd000 	C:\Windows\System32\msvcp_win.dll
0x00007ffad9c30000 - 0x00007ffad9c60000 	C:\Windows\System32\IMM32.DLL
0x00007ffa99df0000 - 0x00007ffa99e8d000 	C:\Program Files\Android\Android Studio\jre\bin\msvcp140.dll
0x00007ffa88b70000 - 0x00007ffa8962c000 	C:\Program Files\Android\Android Studio\jre\bin\server\jvm.dll
0x00007ffad8ec0000 - 0x00007ffad8f6c000 	C:\Windows\System32\ADVAPI32.dll
0x00007ffad88a0000 - 0x00007ffad893b000 	C:\Windows\System32\sechost.dll
0x00007ffad9090000 - 0x00007ffad91ba000 	C:\Windows\System32\RPCRT4.dll
0x00007ffad9460000 - 0x00007ffad9468000 	C:\Windows\System32\PSAPI.DLL
0x00007ffac39c0000 - 0x00007ffac39e7000 	C:\Windows\SYSTEM32\WINMM.dll
0x00007ffac56b0000 - 0x00007ffac56b9000 	C:\Windows\SYSTEM32\WSOCK32.dll
0x00007ffac6dd0000 - 0x00007ffac6dda000 	C:\Windows\SYSTEM32\VERSION.dll
0x00007ffad87d0000 - 0x00007ffad883b000 	C:\Windows\System32\WS2_32.dll
0x00007ffad52c0000 - 0x00007ffad52d2000 	C:\Windows\SYSTEM32\kernel.appcore.dll
0x00007ffaa2940000 - 0x00007ffaa2951000 	C:\Program Files\Android\Android Studio\jre\bin\verify.dll
0x00007ffac48d0000 - 0x00007ffac4ab4000 	C:\Windows\SYSTEM32\DBGHELP.DLL
0x00007ffac4880000 - 0x00007ffac48ac000 	C:\Windows\SYSTEM32\dbgcore.DLL
0x00007ffad76f0000 - 0x00007ffad7773000 	C:\Windows\System32\bcryptPrimitives.dll
0x00007ffa9a060000 - 0x00007ffa9a089000 	C:\Program Files\Android\Android Studio\jre\bin\java.dll
0x00007ffaa2770000 - 0x00007ffaa277b000 	C:\Program Files\Android\Android Studio\jre\bin\jimage.dll
0x00007ffa9c3d0000 - 0x00007ffa9c3e8000 	C:\Program Files\Android\Android Studio\jre\bin\zip.dll
0x00007ffad9470000 - 0x00007ffad9baf000 	C:\Windows\System32\SHELL32.dll
0x00007ffad54c0000 - 0x00007ffad5c50000 	C:\Windows\SYSTEM32\windows.storage.dll
0x00007ffad8940000 - 0x00007ffad8c95000 	C:\Windows\System32\combase.dll
0x00007ffad6d40000 - 0x00007ffad6d6c000 	C:\Windows\SYSTEM32\Wldp.dll
0x00007ffad7cf0000 - 0x00007ffad7d9e000 	C:\Windows\System32\SHCORE.dll
0x00007ffad7e50000 - 0x00007ffad7ea5000 	C:\Windows\System32\shlwapi.dll
0x00007ffad7300000 - 0x00007ffad731f000 	C:\Windows\SYSTEM32\profapi.dll
0x00007ffa9a810000 - 0x00007ffa9a82a000 	C:\Program Files\Android\Android Studio\jre\bin\net.dll
0x00007ffacad00000 - 0x00007ffacae08000 	C:\Windows\SYSTEM32\WINHTTP.dll
0x00007ffad6aa0000 - 0x00007ffad6b0a000 	C:\Windows\system32\mswsock.dll
0x00007ffa9a040000 - 0x00007ffa9a054000 	C:\Program Files\Android\Android Studio\jre\bin\nio.dll

dbghelp: loaded successfully - version: 4.0.5 - missing functions: none
symbol engine: initialized successfully - sym options: 0x614 - pdb path: .;C:\Program Files\Android\Android Studio\jre\bin;C:\Windows\SYSTEM32;C:\Windows\WinSxS\amd64_microsoft.windows.common-controls_6595b64144ccf1df_6.0.19041.1110_none_60b5254171f9507e;C:\Program Files\Android\Android Studio\jre\bin\server

VM Arguments:
java_command: org.jetbrains.kotlin.cli.jvm.K2JVMCompiler @D:\MariWallet\wallet-solution-mobile-app\onboarding\build\20211111_1697692554950634012.compiler.options
java_class_path (initial): C:\Users\fchepkemoi\.gradle\caches\modules-2\files-2.1\org.jetbrains.kotlin\kotlin-compiler-embeddable\1.5.10\9c35134a025cab7a1e6eee0d87d241c2f30c1218\kotlin-compiler-embeddable-1.5.10.jar;C:\Users\fchepkemoi\.gradle\caches\modules-2\files-2.1\org.jetbrains.kotlin\kotlin-reflect\1.5.10\d6c70f3c0df2457ea0095c61c1fc1188017dc3bc\kotlin-reflect-1.5.10.jar;C:\Users\fchepkemoi\.gradle\caches\modules-2\files-2.1\org.jetbrains.kotlin\kotlin-stdlib\1.5.10\da6a904b132f0402fa4d79169a3c1770598d4702\kotlin-stdlib-1.5.10.jar;C:\Users\fchepkemoi\.gradle\caches\modules-2\files-2.1\org.jetbrains.kotlin\kotlin-script-runtime\1.5.10\69bad0ece91b0797055aeadbd44dc742c458398b\kotlin-script-runtime-1.5.10.jar;C:\Users\fchepkemoi\.gradle\caches\modules-2\files-2.1\org.jetbrains.kotlin\kotlin-daemon-embeddable\1.5.10\d06ad33b62b041dae0609f830c3b48135d53b8bc\kotlin-daemon-embeddable-1.5.10.jar;C:\Users\fchepkemoi\.gradle\caches\modules-2\files-2.1\org.jetbrains.intellij.deps\trove4j\1.0.20181211\216c2e14b070f334479d800987affe4054cd563f\trove4j-1.0.20181211.jar;C:\Users\fchepkemoi\.gradle\caches\modules-2\files-2.1\org.jetbrains\annotations\13.0\919f0dfe192fb4e063e7dacadee7f8bb9a2672a9\annotations-13.0.jar;C:\Users\fchepkemoi\.gradle\caches\modules-2\files-2.1\org.jetbrains.kotlin\kotlin-stdlib-common\1.5.10\6b84d926e28493be69daf673e40076f89492ef7\kotlin-stdlib-common-1.5.10.jar
Launcher Type: SUN_STANDARD

[Global flags]
     intx CICompilerCount                          = 3                                         {product} {ergonomic}
     uint ConcGCThreads                            = 1                                         {product} {ergonomic}
     uint G1ConcRefinementThreads                  = 4                                         {product} {ergonomic}
   size_t G1HeapRegionSize                         = 1048576                                   {product} {ergonomic}
    uintx GCDrainStackTargetSize                   = 64                                        {product} {ergonomic}
   size_t InitialHeapSize                          = 268435456                                 {product} {ergonomic}
   size_t MarkStackSize                            = 4194304                                   {product} {ergonomic}
   size_t MaxHeapSize                              = 4273995776                                {product} {ergonomic}
   size_t MaxNewSize                               = 2563768320                                {product} {ergonomic}
   size_t MinHeapDeltaBytes                        = 1048576                                   {product} {ergonomic}
    uintx NonNMethodCodeHeapSize                   = 5830732                                {pd product} {ergonomic}
    uintx NonProfiledCodeHeapSize                  = 122913754                              {pd product} {ergonomic}
    uintx ProfiledCodeHeapSize                     = 122913754                              {pd product} {ergonomic}
    uintx ReservedCodeCacheSize                    = 251658240                              {pd product} {ergonomic}
     bool SegmentedCodeCache                       = true                                      {product} {ergonomic}
     bool UseCompressedClassPointers               = true                                 {lp64_product} {ergonomic}
     bool UseCompressedOops                        = true                                 {lp64_product} {ergonomic}
     bool UseG1GC                                  = true                                      {product} {ergonomic}
     bool UseLargePagesIndividualAllocation        = false                                  {pd product} {ergonomic}

Logging:
Log output configuration:
 #0: stdout all=warning uptime,level,tags
 #1: stderr all=off uptime,level,tags

Environment Variables:
JAVA_HOME=C:\Program Files\Java\jdk-17
PATH=C:\Program Files\Common Files\Oracle\Java\javapath;C:\Windows\system32;C:\Windows;C:\Windows\System32\Wbem;C:\Windows\System32\WindowsPowerShell\v1.0\;C:\Windows\System32\OpenSSH\;C:\Program Files (x86)\Kaspersky Lab\Kaspersky Endpoint Security for Windows\;C:\Program Files\Git\cmd;C:\Users\fchepkemoi\AppData\Local\Microsoft\WindowsApps;
USERNAME=fchepkemoi
OS=Windows_NT
PROCESSOR_IDENTIFIER=Intel64 Family 6 Model 61 Stepping 4, GenuineIntel



---------------  S Y S T E M  ---------------

OS: Windows 10 , 64 bit Build 19041 (10.0.19041.1202)
OS uptime: 2 days 23:38 hours

CPU:total 4 (initial active 4) (2 cores per cpu, 2 threads per core) family 6 model 61 stepping 4, cmov, cx8, fxsr, mmx, sse, sse2, sse3, ssse3, sse4.1, sse4.2, popcnt, avx, avx2, aes, clmul, erms, 3dnowpref, lzcnt, ht, tsc, tscinvbit, bmi1, bmi2, adx, fma

Memory: 4k page, system-wide physical 16302M (493M free)
TotalPageFile size 45667M (AvailPageFile size 43M)
current process WorkingSet (physical memory assigned to process): 302M, peak: 302M
current process commit charge ("private bytes"): 448M, peak: 500M

vm_info: OpenJDK 64-Bit Server VM (11.0.8+10-b944.6842174) for windows-amd64 JRE (11.0.8+10-b944.6842174), built on Sep 19 2020 01:11:42 by "builder" with MS VC++ 14.0 (VS2015)

END.
